C51 COMPILER V9.54   MAIN                                                                  02/11/2025 10:58:38 PAGE 1   


C51 COMPILER V9.54, COMPILATION OF MODULE MAIN
OBJECT MODULE PLACED IN .\Objects\main.obj
COMPILER INVOKED BY: D:\Keil_5\C51\BIN\C51.EXE main.c OPTIMIZE(8,SPEED) BROWSE DEBUG OBJECTEXTEND PRINT(.\Listings\main.
                    -lst) TABS(2) OBJECT(.\Objects\main.obj)

line level    source

   1          #include <STC8H.H>
   2          #include "func.h"
   3          #include "stdlib.h"
   4          #include "LIS3DH.h"
   5          #include "spi.h"
   6          
   7          void main()
   8          {
   9   1        
  10   1          init();
  11   1      
  12   1          while (1)
  13   1          {
  14   2              //get_direction();//根据陀螺仪得到方向
  15   2              //frame();//描述沙漏的结构
  16   2              //next_direction();//确认每一个沙子的下一个方向
  17   2              //show_light();
  18   2          }
  19   1      }


MODULE INFORMATION:   STATIC OVERLAYABLE
   CODE SIZE        =      5    ----
   CONSTANT SIZE    =   ----    ----
   XDATA SIZE       =   ----    ----
   PDATA SIZE       =   ----    ----
   DATA SIZE        =   ----    ----
   IDATA SIZE       =   ----    ----
   BIT SIZE         =   ----    ----
END OF MODULE INFORMATION.


C51 COMPILATION COMPLETE.  0 WARNING(S),  0 ERROR(S)
